2020-07-27T20:24:36.689+0800	INFO	instance/beat.go:647	Home path: [/usr/share/filebeat] Config path: [/etc/filebeat] Data path: [/var/lib/filebeat] Logs path: [/usr/share/filebeat/logs]
2020-07-27T20:24:36.690+0800	INFO	instance/beat.go:655	Beat ID: 231ed8cd-d13a-41dc-ace6-27b8871b131f
2020-07-27T20:24:39.694+0800	INFO	[add_cloud_metadata]	add_cloud_metadata/add_cloud_metadata.go:89	add_cloud_metadata: hosting provider type not detected.
2020-07-27T20:24:39.694+0800	INFO	[seccomp]	seccomp/seccomp.go:101	Syscall filter could not be installed because the kernel does not support seccomp
2020-07-27T20:24:39.694+0800	INFO	[beat]	instance/beat.go:983	Beat info	{"system_info": {"beat": {"path": {"config": "/etc/filebeat", "data": "/var/lib/filebeat", "home": "/usr/share/filebeat", "logs": "/usr/share/filebeat/logs"}, "type": "filebeat", "uuid": "231ed8cd-d13a-41dc-ace6-27b8871b131f"}}}
2020-07-27T20:24:39.695+0800	INFO	[beat]	instance/beat.go:992	Build info	{"system_info": {"build": {"commit": "f79387d32717d79f689d94fda1ec80b2cf285d30", "libbeat": "7.8.0", "time": "2020-06-14T18:15:37.000Z", "version": "7.8.0"}}}
2020-07-27T20:24:39.695+0800	INFO	[beat]	instance/beat.go:995	Go runtime info	{"system_info": {"go": {"os":"linux","arch":"amd64","max_procs":40,"version":"go1.13.10"}}}
2020-07-27T20:24:39.697+0800	INFO	[beat]	instance/beat.go:999	Host info	{"system_info": {"host": {"architecture":"x86_64","boot_time":"2020-03-03T11:45:23+08:00","containerized":false,"name":"jsvfpredbs002","ip":["127.0.0.1/8","::1/128","172.30.203.12/24","172.30.203.15/24","fe80::ae16:2dff:fe81:44c0/64","172.30.6.12/24","172.30.6.88/24","fe80::ae16:2dff:fe81:44c4/64","172.30.204.12/24","fe80::1260:4bff:feae:4b20/64"],"kernel_version":"2.6.32-696.el6.x86_64","mac":["10:60:4b:ae:4b:20","10:60:4b:ae:4b:21","10:60:4b:ae:4b:20","10:60:4b:ae:4b:23","ac:16:2d:81:44:c0","ac:16:2d:81:44:c4","ac:16:2d:81:44:c0","ac:16:2d:81:44:c4","ac:16:2d:81:44:c0","ac:16:2d:81:44:c4","10:60:4b:ae:4b:20"],"os":{"family":"redhat","platform":"redhat","name":"Red","version":"6.9 (Santiago)","major":6,"minor":9,"patch":0,"codename":"Santiago"},"timezone":"CST","timezone_offset_sec":28800,"id":"7788b005b41098b3091cac9300000044"}}}
2020-07-27T20:24:39.698+0800	INFO	[beat]	instance/beat.go:1028	Process info	{"system_info": {"process": {"capabilities": {"inheritable":null,"permitted":null,"effective":null,"bounding":["chown","dac_override","dac_read_search","fowner","fsetid","kill","setgid","setuid","setpcap","linux_immutable","net_bind_service","net_broadcast","net_admin","net_raw","ipc_lock","ipc_owner","sys_module","sys_rawio","sys_chroot","sys_ptrace","sys_pacct","sys_admin","sys_boot","sys_nice","sys_resource","sys_time","sys_tty_config","mknod","lease","audit_write","audit_control","setfcap","mac_override","mac_admin","syslog","wake_alarm","block_suspend","audit_read","38","39","40","41","42","43","44","45","46","47","48","49","50","51","52","53","54","55","56","57","58","59","60","61","62","63"],"ambient":null}, "cwd": "/home/dbmon/dbMonitor", "exe": "/usr/share/filebeat/bin/filebeat", "name": "filebeat", "pid": 29158, "ppid": 1, "seccomp": {"mode":""}, "start_time": "2020-07-27T20:24:36.040+0800"}}}
2020-07-27T20:24:39.698+0800	INFO	instance/beat.go:310	Setup Beat: filebeat; Version: 7.8.0
2020-07-27T20:24:39.698+0800	INFO	eslegclient/connection.go:97	elasticsearch url: http://172.30.5.188:9200
2020-07-27T20:24:39.699+0800	INFO	[publisher]	pipeline/module.go:113	Beat name: jsvfpredbs002
2020-07-27T20:24:39.699+0800	INFO	[monitoring]	log/log.go:118	Starting metrics logging every 30s
2020-07-27T20:24:39.699+0800	INFO	instance/beat.go:463	filebeat start running.
2020-07-27T20:24:39.700+0800	INFO	registrar/registrar.go:145	Loading registrar data from /var/lib/filebeat/registry/filebeat/data.json
2020-07-27T20:24:39.700+0800	INFO	registrar/registrar.go:152	States Loaded from registrar: 1
2020-07-27T20:24:39.700+0800	INFO	[crawler]	beater/crawler.go:71	Loading Inputs: 1
2020-07-27T20:24:39.701+0800	INFO	log/input.go:152	Configured paths: [/opt/informix/INST1/logs/inst1_online.log]
2020-07-27T20:24:39.701+0800	INFO	[crawler]	beater/crawler.go:141	Starting input (ID: %d)18242816396208237522
2020-07-27T20:24:39.701+0800	INFO	[crawler]	beater/crawler.go:108	Loading and starting Inputs completed. Enabled inputs: 1
2020-07-27T20:24:39.701+0800	INFO	cfgfile/reload.go:164	Config reloader started
2020-07-27T20:24:39.701+0800	INFO	cfgfile/reload.go:224	Loading of config files completed.
2020-07-27T20:25:09.701+0800	INFO	[monitoring]	log/log.go:145	Non-zero metrics in the last 30s	{"monitoring": {"metrics": {"beat":{"cpu":{"system":{"ticks":40,"time":{"ms":46}},"total":{"ticks":110,"time":{"ms":120},"value":110},"user":{"ticks":70,"time":{"ms":74}}},"handles":{"limit":{"hard":4096,"soft":1024},"open":8},"info":{"ephemeral_id":"75e1723f-318d-4ecc-8345-497c1b810d65","uptime":{"ms":33043}},"memstats":{"gc_next":10219728,"memory_alloc":6354672,"memory_total":19032688,"rss":46596096},"runtime":{"goroutines":21}},"filebeat":{"events":{"added":1,"done":1},"harvester":{"open_files":0,"running":0}},"libbeat":{"config":{"module":{"running":0},"reloads":1,"scans":1},"output":{"type":"elasticsearch"},"pipeline":{"clients":1,"events":{"active":0,"filtered":1,"total":1}}},"registrar":{"states":{"current":1,"update":1},"writes":{"success":1,"total":1}},"system":{"cpu":{"cores":40},"load":{"1":2.74,"15":0.91,"5":1.38,"norm":{"1":0.0685,"15":0.0228,"5":0.0345}}}}}}
2020-07-27T20:25:39.701+0800	INFO	[monitoring]	log/log.go:145	Non-zero metrics in the last 30s	{"monitoring": {"metrics": {"beat":{"cpu":{"system":{"ticks":50,"time":{"ms":4}},"total":{"ticks":120,"time":{"ms":9},"value":120},"user":{"ticks":70,"time":{"ms":5}}},"handles":{"limit":{"hard":4096,"soft":1024},"open":8},"info":{"ephemeral_id":"75e1723f-318d-4ecc-8345-497c1b810d65","uptime":{"ms":63043}},"memstats":{"gc_next":10219728,"memory_alloc":6653920,"memory_total":19331936,"rss":32768},"runtime":{"goroutines":21}},"filebeat":{"harvester":{"open_files":0,"running":0}},"libbeat":{"config":{"module":{"running":0}},"pipeline":{"clients":1,"events":{"active":0}}},"registrar":{"states":{"current":1}},"system":{"load":{"1":1.95,"15":0.9,"5":1.31,"norm":{"1":0.0488,"15":0.0225,"5":0.0328}}}}}}
2020-07-27T20:26:09.701+0800	INFO	[monitoring]	log/log.go:145	Non-zero metrics in the last 30s	{"monitoring": {"metrics": {"beat":{"cpu":{"system":{"ticks":50,"time":{"ms":2}},"total":{"ticks":130,"time":{"ms":8},"value":130},"user":{"ticks":80,"time":{"ms":6}}},"handles":{"limit":{"hard":4096,"soft":1024},"open":8},"info":{"ephemeral_id":"75e1723f-318d-4ecc-8345-497c1b810d65","uptime":{"ms":93044}},"memstats":{"gc_next":10219728,"memory_alloc":7092888,"memory_total":19770904,"rss":32768},"runtime":{"goroutines":21}},"filebeat":{"harvester":{"open_files":0,"running":0}},"libbeat":{"config":{"module":{"running":0}},"pipeline":{"clients":1,"events":{"active":0}}},"registrar":{"states":{"current":1}},"system":{"load":{"1":1.54,"15":0.9,"5":1.27,"norm":{"1":0.0385,"15":0.0225,"5":0.0318}}}}}}
2020-07-27T20:26:39.703+0800	INFO	[monitoring]	log/log.go:145	Non-zero metrics in the last 30s	{"monitoring": {"metrics": {"beat":{"cpu":{"system":{"ticks":50,"time":{"ms":6}},"total":{"ticks":140,"time":{"ms":20},"value":140},"user":{"ticks":90,"time":{"ms":14}}},"handles":{"limit":{"hard":4096,"soft":1024},"open":8},"info":{"ephemeral_id":"75e1723f-318d-4ecc-8345-497c1b810d65","uptime":{"ms":123043}},"memstats":{"gc_next":11303600,"memory_alloc":7013312,"memory_total":19894784,"rss":110592},"runtime":{"goroutines":21}},"filebeat":{"harvester":{"open_files":0,"running":0}},"libbeat":{"config":{"module":{"running":0}},"pipeline":{"clients":1,"events":{"active":0}}},"registrar":{"states":{"current":1}},"system":{"load":{"1":1.16,"15":0.89,"5":1.19,"norm":{"1":0.029,"15":0.0223,"5":0.0298}}}}}}
2020-07-27T20:26:55.464+0800	INFO	beater/filebeat.go:456	Stopping filebeat
2020-07-27T20:26:55.465+0800	INFO	beater/crawler.go:148	Stopping Crawler
2020-07-27T20:26:55.465+0800	INFO	beater/crawler.go:158	Stopping 1 inputs
2020-07-27T20:26:55.465+0800	INFO	cfgfile/reload.go:227	Dynamic config reloader stopped
2020-07-27T20:26:55.465+0800	INFO	[crawler]	beater/crawler.go:163	Stopping input: 18242816396208237522
2020-07-27T20:26:55.465+0800	INFO	input/input.go:138	input ticker stopped
2020-07-27T20:26:55.465+0800	INFO	beater/crawler.go:178	Crawler stopped
2020-07-27T20:26:55.465+0800	INFO	registrar/registrar.go:367	Stopping Registrar
2020-07-27T20:26:55.465+0800	INFO	registrar/registrar.go:293	Ending Registrar
2020-07-27T20:26:55.480+0800	INFO	[monitoring]	log/log.go:153	Total non-zero metrics	{"monitoring": {"metrics": {"beat":{"cpu":{"system":{"ticks":60,"time":{"ms":66}},"total":{"ticks":160,"time":{"ms":174},"value":160},"user":{"ticks":100,"time":{"ms":108}}},"handles":{"limit":{"hard":4096,"soft":1024},"open":8},"info":{"ephemeral_id":"75e1723f-318d-4ecc-8345-497c1b810d65","uptime":{"ms":138822}},"memstats":{"gc_next":11303600,"memory_alloc":5983968,"memory_total":20227560,"rss":46403584},"runtime":{"goroutines":11}},"filebeat":{"events":{"added":1,"done":1},"harvester":{"open_files":0,"running":0}},"libbeat":{"config":{"module":{"running":0},"reloads":1,"scans":1},"output":{"type":"elasticsearch"},"pipeline":{"clients":0,"events":{"active":0,"filtered":1,"total":1}}},"registrar":{"states":{"current":1,"update":1},"writes":{"success":2,"total":2}},"system":{"cpu":{"cores":40},"load":{"1":0.98,"15":0.88,"5":1.15,"norm":{"1":0.0245,"15":0.022,"5":0.0288}}}}}}
2020-07-27T20:26:55.480+0800	INFO	[monitoring]	log/log.go:154	Uptime: 2m18.823793202s
2020-07-27T20:26:55.480+0800	INFO	[monitoring]	log/log.go:131	Stopping metrics logging.
2020-07-27T20:26:55.480+0800	INFO	instance/beat.go:469	filebeat stopped.
